# JRE version: OpenJDK Runtime Environment (22.0.1+8) (build 22.0.1+8-16)
# Java VM: OpenJDK 64-Bit Server VM (22.0.1+8-16, mixed mode, sharing, tiered, compressed oops, compressed class ptrs, g1 gc, windows-amd64)
GC Precious Log:
 CardTable entry size: 512
 Card Set container configuration: InlinePtr #cards 4 size 8 Array Of Cards #cards 16 size 48 Howl #buckets 8 coarsen threshold 3686 Howl Bitmap #cards 512 size 80 coarsen threshold 460 Card regions per heap region 1 cards per card region 4096
 CPUs: 16 total, 16 available
 Memory: 15513M
 Large Page Support: Disabled
 NUMA Support: Disabled
 Compressed Oops: Enabled (Zero based)
 Heap Region Size: 2M
 Heap Min Capacity: 8M
 Heap Initial Capacity: 244M
 Heap Max Capacity: 3880M
 Pre-touch: Disabled
 Parallel Workers: 13
 Concurrent Workers: 3
 Concurrent Refinement Workers: 13
 Periodic GC: Disabled
Heap:
 garbage-first heap   total reserved 3973120K, committed 59392K, used 27903K [0x000000070d800000, 0x0000000800000000)
  region size 2048K, 2 young (4096K), 2 survivors (4096K)
 Metaspace       used 62858K, committed 63552K, reserved 1114112K
  class space    used 8774K, committed 9088K, reserved 1048576K
GC Heap History (20 events):
Event: 0.895 GC heap after
{Heap after GC invocations=2 (full 0):
 garbage-first heap   total reserved 3973120K, committed 249856K, used 9150K [0x000000070d800000, 0x0000000800000000)
  region size 2048K, 2 young (4096K), 2 survivors (4096K)
 Metaspace       used 13892K, committed 14144K, reserved 1114112K
  class space    used 1820K, committed 1920K, reserved 1048576K
}
Event: 1.137 GC heap before
{Heap before GC invocations=2 (full 0):
 garbage-first heap   total reserved 3973120K, committed 249856K, used 35774K [0x000000070d800000, 0x0000000800000000)
  region size 2048K, 17 young (34816K), 2 survivors (4096K)
 Metaspace       used 21262K, committed 21504K, reserved 1114112K
  class space    used 2657K, committed 2752K, reserved 1048576K
}
Event: 1.139 GC heap after
{Heap after GC invocations=3 (full 0):
 garbage-first heap   total reserved 3973120K, committed 249856K, used 12099K [0x000000070d800000, 0x0000000800000000)
  region size 2048K, 3 young (6144K), 3 survivors (6144K)
 Metaspace       used 21262K, committed 21504K, reserved 1114112K
  class space    used 2657K, committed 2752K, reserved 1048576K
}
Event: 1.640 GC heap before
{Heap before GC invocations=4 (full 0):
 garbage-first heap   total reserved 3973120K, committed 49152K, used 46915K [0x000000070d800000, 0x0000000800000000)
  region size 2048K, 20 young (40960K), 3 survivors (6144K)
 Metaspace       used 25564K, committed 25920K, reserved 1114112K
  class space    used 3229K, committed 3392K, reserved 1048576K
}
Event: 1.644 GC heap after
{Heap after GC invocations=5 (full 0):
 garbage-first heap   total reserved 3973120K, committed 59392K, used 14852K [0x000000070d800000, 0x0000000800000000)
  region size 2048K, 5 young (10240K), 5 survivors (10240K)
 Metaspace       used 25564K, committed 25920K, reserved 1114112K
  class space    used 3229K, committed 3392K, reserved 1048576K
}
Event: 2.026 GC heap before
{Heap before GC invocations=5 (full 0):
 garbage-first heap   total reserved 3973120K, committed 59392K, used 39428K [0x000000070d800000, 0x0000000800000000)
  region size 2048K, 17 young (34816K), 5 survivors (10240K)
 Metaspace       used 29236K, committed 29760K, reserved 1114112K
  class space    used 3774K, committed 4032K, reserved 1048576K
}
Event: 2.030 GC heap after
{Heap after GC invocations=6 (full 0):
 garbage-first heap   total reserved 3973120K, committed 59392K, used 16345K [0x000000070d800000, 0x0000000800000000)
  region size 2048K, 3 young (6144K), 3 survivors (6144K)
 Metaspace       used 29236K, committed 29760K, reserved 1114112K
  class space    used 3774K, committed 4032K, reserved 1048576K
}
Event: 2.652 GC heap before
{Heap before GC invocations=6 (full 0):
 garbage-first heap   total reserved 3973120K, committed 59392K, used 45017K [0x000000070d800000, 0x0000000800000000)
  region size 2048K, 17 young (34816K), 3 survivors (6144K)
 Metaspace       used 33513K, committed 34048K, reserved 1114112K
  class space    used 4366K, committed 4608K, reserved 1048576K
}
Event: 2.654 GC heap after
{Heap after GC invocations=7 (full 0):
 garbage-first heap   total reserved 3973120K, committed 59392K, used 18934K [0x000000070d800000, 0x0000000800000000)
  region size 2048K, 3 young (6144K), 3 survivors (6144K)
 Metaspace       used 33513K, committed 34048K, reserved 1114112K
  class space    used 4366K, committed 4608K, reserved 1048576K
}
Event: 2.785 GC heap before
{Heap before GC invocations=7 (full 0):
 garbage-first heap   total reserved 3973120K, committed 59392K, used 25078K [0x000000070d800000, 0x0000000800000000)
  region size 2048K, 7 young (14336K), 3 survivors (6144K)
 Metaspace       used 35606K, committed 36096K, reserved 1114112K
  class space    used 4647K, committed 4864K, reserved 1048576K
}
Event: 2.787 GC heap after
{Heap after GC invocations=8 (full 0):
 garbage-first heap   total reserved 3973120K, committed 59392K, used 19536K [0x000000070d800000, 0x0000000800000000)
  region size 2048K, 2 young (4096K), 2 survivors (4096K)
 Metaspace       used 35606K, committed 36096K, reserved 1114112K
  class space    used 4647K, committed 4864K, reserved 1048576K
}
Event: 3.334 GC heap before
{Heap before GC invocations=9 (full 0):
 garbage-first heap   total reserved 3973120K, committed 59392K, used 46160K [0x000000070d800000, 0x0000000800000000)
  region size 2048K, 16 young (32768K), 2 survivors (4096K)
 Metaspace       used 44165K, committed 44800K, reserved 1114112K
  class space    used 5934K, committed 6208K, reserved 1048576K
}
Event: 3.335 GC heap after
{Heap after GC invocations=10 (full 0):
 garbage-first heap   total reserved 3973120K, committed 59392K, used 21472K [0x000000070d800000, 0x0000000800000000)
  region size 2048K, 2 young (4096K), 2 survivors (4096K)
 Metaspace       used 44165K, committed 44800K, reserved 1114112K
  class space    used 5934K, committed 6208K, reserved 1048576K
}
Event: 3.686 GC heap before
{Heap before GC invocations=10 (full 0):
 garbage-first heap   total reserved 3973120K, committed 59392K, used 46048K [0x000000070d800000, 0x0000000800000000)
  region size 2048K, 15 young (30720K), 2 survivors (4096K)
 Metaspace       used 51473K, committed 52096K, reserved 1114112K
  class space    used 7005K, committed 7296K, reserved 1048576K
}
Event: 3.688 GC heap after
{Heap after GC invocations=11 (full 0):
 garbage-first heap   total reserved 3973120K, committed 59392K, used 22803K [0x000000070d800000, 0x0000000800000000)
  region size 2048K, 2 young (4096K), 2 survivors (4096K)
 Metaspace       used 51473K, committed 52096K, reserved 1114112K
  class space    used 7005K, committed 7296K, reserved 1048576K
}
Event: 4.041 GC heap before
{Heap before GC invocations=11 (full 0):
 garbage-first heap   total reserved 3973120K, committed 59392K, used 49427K [0x000000070d800000, 0x0000000800000000)
  region size 2048K, 15 young (30720K), 2 survivors (4096K)
 Metaspace       used 58477K, committed 59136K, reserved 1114112K
  class space    used 8142K, committed 8448K, reserved 1048576K
}
Event: 4.042 GC heap after
{Heap after GC invocations=12 (full 0):
 garbage-first heap   total reserved 3973120K, committed 59392K, used 24173K [0x000000070d800000, 0x0000000800000000)
  region size 2048K, 2 young (4096K), 2 survivors (4096K)
 Metaspace       used 58477K, committed 59136K, reserved 1114112K
  class space    used 8142K, committed 8448K, reserved 1048576K
}
Event: 4.206 GC heap before
{Heap before GC invocations=12 (full 0):
 garbage-first heap   total reserved 3973120K, committed 59392K, used 32365K [0x000000070d800000, 0x0000000800000000)
  region size 2048K, 7 young (14336K), 2 survivors (4096K)
 Metaspace       used 59988K, committed 60608K, reserved 1114112K
  class space    used 8286K, committed 8576K, reserved 1048576K
}
Event: 4.208 GC heap after
{Heap after GC invocations=13 (full 0):
 garbage-first heap   total reserved 3973120K, committed 59392K, used 25319K [0x000000070d800000, 0x0000000800000000)
  region size 2048K, 2 young (4096K), 2 survivors (4096K)
 Metaspace       used 59988K, committed 60608K, reserved 1114112K
  class space    used 8286K, committed 8576K, reserved 1048576K
}
Event: 4.647 GC heap before
{Heap before GC invocations=14 (full 0):
 garbage-first heap   total reserved 3973120K, committed 59392K, used 47847K [0x000000070d800000, 0x0000000800000000)
  region size 2048K, 13 young (26624K), 2 survivors (4096K)
 Metaspace       used 62858K, committed 63552K, reserved 1114112K
  class space    used 8774K, committed 9088K, reserved 1048576K
}

